hellocharts-library/build/intermediates/manifest_merge_blame_file/debug/manifest-merger-blame-debug-report.txt
1<?xml version="1.0" encoding="utf-8"?>
2<manifest xmlns:android="http://schemas.android.com/apk/res/android"
3    package="lecho.lib.hellocharts"
4    android:versionCode="13"
5    android:versionName="1.5.8" >
6
7    <uses-sdk
8        android:minSdkVersion="18"
8-->OverallManager\hellocharts-library\AndroidManifest.xml
9        android:targetSdkVersion="22" />
9-->OverallManager\hellocharts-library\AndroidManifest.xml
10
11</manifest>